[debug] [2022-11-10T14:50:58.680Z] ----------------------------------------------------------------------
[debug] [2022-11-10T14:50:58.682Z] Command:       C:\Program Files\nodejs\node.exe C:\Users\tberr\AppData\Roaming\npm\node_modules\firebase-tools\lib\bin\firebase.js init
[debug] [2022-11-10T14:50:58.682Z] CLI Version:   11.15.0
[debug] [2022-11-10T14:50:58.682Z] Platform:      win32
[debug] [2022-11-10T14:50:58.682Z] Node Version:  v16.18.0
[debug] [2022-11-10T14:50:58.683Z] Time:          Thu Nov 10 2022 15:50:58 GMT+0100 (heure normale d’Europe centrale)
[debug] [2022-11-10T14:50:58.684Z] ----------------------------------------------------------------------
[debug] 
[debug] [2022-11-10T14:50:58.687Z] >>> [apiv2][query] GET https://firebase-public.firebaseio.com/cli.json [none]
[debug] [2022-11-10T14:50:58.767Z] > command requires scopes: ["email","openid","https://www.googleapis.com/auth/cloudplatformprojects.readonly","https://www.googleapis.com/auth/firebase","https://www.googleapis.com/auth/cloud-platform"]
[debug] [2022-11-10T14:50:58.768Z] > authorizing via signed-in user (blackthomas614@gmail.com)
[info] 
     ######## #### ########  ######## ########     ###     ######  ########
     ##        ##  ##     ## ##       ##     ##  ##   ##  ##       ##
     ######    ##  ########  ######   ########  #########  ######  ######
     ##        ##  ##    ##  ##       ##     ## ##     ##       ## ##
     ##       #### ##     ## ######## ########  ##     ##  ######  ########

You're about to initialize a Firebase project in this directory:

  C:\Users\tberr\Documents\colocourse

Before we get started, keep in mind:

  * You are initializing within an existing Firebase project directory

[debug] [2022-11-10T14:50:59.106Z] <<< [apiv2][status] GET https://firebase-public.firebaseio.com/cli.json 200
[debug] [2022-11-10T14:50:59.106Z] <<< [apiv2][body] GET https://firebase-public.firebaseio.com/cli.json {"cloudBuildErrorAfter":1594252800000,"cloudBuildWarnAfter":1590019200000,"defaultNode10After":1594252800000,"minVersion":"3.0.5","node8DeploysDisabledAfter":1613390400000,"node8RuntimeDisabledAfter":1615809600000,"node8WarnAfter":1600128000000}
